<?xml version="1.0" encoding="UTF-8"?>
<testng-results skipped="0" failed="0" ignored="0" total="1" passed="1">
  <reporter-output>
  </reporter-output>
  <suite name="Surefire suite" duration-ms="119" started-at="2021-06-21T15:49:30Z" finished-at="2021-06-21T15:49:30Z">
    <groups>
    </groups>
    <test name="Surefire test" duration-ms="119" started-at="2021-06-21T15:49:30Z" finished-at="2021-06-21T15:49:30Z">
      <class name="remoteTesting.dockerValidation.AppTest">
        <test-method status="PASS" signature="shouldAnswerWithTrue()" name="shouldAnswerWithTrue" duration-ms="16" started-at="2021-06-21T15:49:30Z" finished-at="2021-06-21T15:49:30Z">
          <reporter-output>
          </reporter-output>
        </test-method> <!-- shouldAnswerWithTrue -->
      </class> <!-- remoteTesting.dockerValidation.AppTest -->
    </test> <!-- Surefire test -->
  </suite> <!-- Surefire suite -->
</testng-results>
