<?xml version="1.0" encoding="UTF-8"?>
<!-- Generated by org.testng.reporters.JUnitXMLReporter -->
<testsuite ignored="0" hostname="DESKTOP-DSNGGPE" failures="0" tests="3" name="Test" time="97.908" errors="0" timestamp="21 Jun 2021 13:19:18 GMT">
  <testcase classname="remoteTesting.dockerValidation.chrometest2" name="test1" time="19.081"/>
  <testcase classname="remoteTesting.dockerValidation.chrometest1" name="test1" time="26.416"/>
  <testcase classname="remoteTesting.dockerValidation.chrometest3" name="test1" time="37.129"/>
</testsuite> <!-- Test -->
