<?xml version="1.0" encoding="UTF-8"?>
<!-- Generated by org.testng.reporters.JUnitXMLReporter -->
<testsuite hostname="DESKTOP-DSNGGPE" ignored="0" name="Test" tests="3" failures="0" timestamp="21 Jun 2021 15:59:18 GMT" time="143.868" errors="0">
  <testcase name="test1" time="38.598" classname="remoteTesting.dockerValidation.chrometest3"/>
  <testcase name="test1" time="51.765" classname="remoteTesting.dockerValidation.chrometest1"/>
  <testcase name="test1" time="64.3" classname="remoteTesting.dockerValidation.chrometest2"/>
</testsuite> <!-- Test -->
