<?xml version="1.0" encoding="UTF-8"?>
<testng-results ignored="0" total="3" passed="3" failed="0" skipped="0">
  <reporter-output>
  </reporter-output>
  <suite started-at="2021-06-21T13:17:40Z" name="Suite" finished-at="2021-06-21T13:19:18Z" duration-ms="97908">
    <groups>
    </groups>
    <test started-at="2021-06-21T13:17:40Z" name="Test" finished-at="2021-06-21T13:19:18Z" duration-ms="97908">
      <class name="remoteTesting.dockerValidation.chrometest3">
        <test-method signature="test1()[pri:0, instance:remoteTesting.dockerValidation.chrometest3@3406472c]" started-at="2021-06-21T13:18:27Z" name="test1" finished-at="2021-06-21T13:19:04Z" duration-ms="37129" status="PASS">
          <reporter-output>
          </reporter-output>
        </test-method> <!-- test1 -->
      </class> <!-- remoteTesting.dockerValidation.chrometest3 -->
      <class name="remoteTesting.dockerValidation.chrometest2">
        <test-method signature="test1()[pri:0, instance:remoteTesting.dockerValidation.chrometest2@7357a011]" started-at="2021-06-21T13:18:27Z" name="test1" finished-at="2021-06-21T13:18:46Z" duration-ms="19081" status="PASS">
          <reporter-output>
          </reporter-output>
        </test-method> <!-- test1 -->
      </class> <!-- remoteTesting.dockerValidation.chrometest2 -->
      <class name="remoteTesting.dockerValidation.chrometest1">
        <test-method is-config="true" signature="startDockerScale()[pri:0, instance:remoteTesting.dockerValidation.chrometest1@2474f125]" started-at="2021-06-21T13:17:40Z" name="startDockerScale" finished-at="2021-06-21T13:18:27Z" duration-ms="47120" status="PASS">
          <reporter-output>
          </reporter-output>
        </test-method> <!-- startDockerScale -->
        <test-method signature="test1()[pri:0, instance:remoteTesting.dockerValidation.chrometest1@2474f125]" started-at="2021-06-21T13:18:27Z" name="test1" finished-at="2021-06-21T13:18:54Z" duration-ms="26416" status="PASS">
          <reporter-output>
          </reporter-output>
        </test-method> <!-- test1 -->
        <test-method is-config="true" signature="stopDockerDeleteFile()[pri:0, instance:remoteTesting.dockerValidation.chrometest1@2474f125]" started-at="2021-06-21T13:19:04Z" name="stopDockerDeleteFile" finished-at="2021-06-21T13:19:18Z" duration-ms="13602" status="PASS">
          <reporter-output>
          </reporter-output>
        </test-method> <!-- stopDockerDeleteFile -->
      </class> <!-- remoteTesting.dockerValidation.chrometest1 -->
    </test> <!-- Test -->
  </suite> <!-- Suite -->
</testng-results>
